<?xml version="1.0" encoding="UTF-8"?>
<testsuite xmlns:xsi="http://www.w3.org/2001/XMLSchema-instance" xsi:noNamespaceSchemaLocation="https://maven.apache.org/surefire/maven-surefire-plugin/xsd/surefire-test-report-3.0.xsd" version="3.0" name="nop4.TestRunner" time="52.383" tests="12" errors="0" skipped="0" failures="0">
  <properties>
[...]
</properties>
  <testcase name="Add the Products to th cart" classname="Add the products to cart" time="3.478">
    <system-out><![CDATA[
&amp#27;[1mScenario:&amp#27;[22m Add the Products to th cart                   &amp#27;[90m# file:///C:/Users/User/git/Wipro_Capstone1_Project/Nop2/src/test/resources/website/Add_to_cart7.feature:2&amp#27;[39m
  &amp#27;[32mâœ”&amp#27;[39m &amp#27;[32m&amp#27;[1mGiven &amp#27;[22mPresent in the Nop commerce Website Home Page&amp#27;[39m &amp#27;[90m# nop4.Add_to_cart7.present_in_the_nop_commerce_website_home_page()&amp#27;[39m
  &amp#27;[32mâœ”&amp#27;[39m &amp#27;[32m&amp#27;[1mWhen &amp#27;[22mSelect the Required Product&amp#27;[39m                    &amp#27;[90m# nop4.Add_to_cart7.select_the_required_product()&amp#27;[39m
  &amp#27;[32mâœ”&amp#27;[39m &amp#27;[32m&amp#27;[1mThen &amp#27;[22mPerform Add to cart1 operation&amp#27;[39m                 &amp#27;[90m# nop4.Add_to_cart7.perform_add_to_cart1_operation()&amp#27;[39m
]]></system-out>
    <system-err><![CDATA[Sep 07, 2025 6:30:50 PM org.openqa.selenium.devtools.CdpVersionFinder findNearestMatch
WARNING: Unable to find CDP implementation matching 139
Sep 07, 2025 6:30:50 PM org.openqa.selenium.chromium.ChromiumDriver lambda$new$5
WARNING: Unable to find version of CDP to use for 139.0.7258.155. You may need to include a dependency on a specific version of the CDP using something similar to `org.seleniumhq.selenium:selenium-devtools-v86:4.23.0` where the version ("v86") matches the version of the chromium-based browser you're using and the version number of the artifact is the same as Selenium's.
]]></system-err>
  </testcase>
  <testcase name="Sort products by name in alphabetical order" classname="Product Sorting #1" time="4.761">
    <system-out><![CDATA[
&amp#27;[1mScenario:&amp#27;[22m Sort products by name in alphabetical order                  &amp#27;[90m# file:///C:/Users/User/git/Wipro_Capstone1_Project/Nop2/src/test/resources/website/Alphabetical3.feature:3&amp#27;[39m
  &amp#27;[32mâœ”&amp#27;[39m &amp#27;[32m&amp#27;[1mGiven &amp#27;[22mthe user is on the notebooks1 category page&amp#27;[39m                  &amp#27;[90m# nop4.Alphabetical3.the_user_is_on_the_notebooks1_category_page()&amp#27;[39m
  &amp#27;[32mâœ”&amp#27;[39m &amp#27;[32m&amp#27;[1mWhen &amp#27;[22mthe user selects &amp#27;[1m"Name: A to Z"&amp#27;[22m from the sort dropdown&amp#27;[39m        &amp#27;[90m# nop4.Alphabetical3.the_user_selects_from_the_sort_dropdown(java.lang.String)&amp#27;[39m
  &amp#27;[32mâœ”&amp#27;[39m &amp#27;[32m&amp#27;[1mThen &amp#27;[22mthe products should be listed in ascending alphabetical order&amp#27;[39m &amp#27;[90m# nop4.Alphabetical3.the_products_should_be_listed_in_ascending_alphabetical_order()&amp#27;[39m
]]></system-out>
    <system-err><![CDATA[Sep 07, 2025 6:30:52 PM org.openqa.selenium.devtools.CdpVersionFinder findNearestMatch
WARNING: Unable to find CDP implementation matching 139
Sep 07, 2025 6:30:52 PM org.openqa.selenium.chromium.ChromiumDriver lambda$new$5
WARNING: Unable to find version of CDP to use for 139.0.7258.155. You may need to include a dependency on a specific version of the CDP using something similar to `org.seleniumhq.selenium:selenium-devtools-v86:4.23.0` where the version ("v86") matches the version of the chromium-based browser you're using and the version number of the artifact is the same as Selenium's.
]]></system-err>
  </testcase>
  <testcase name="Sorting products by price low to high" classname="Product Sorting #2" time="3.348">
    <system-out><![CDATA[
&amp#27;[1mScenario:&amp#27;[22m Sorting products by price low to high                          &amp#27;[90m# file:///C:/Users/User/git/Wipro_Capstone1_Project/Nop2/src/test/resources/website/Ascending4.feature:3&amp#27;[39m
  &amp#27;[32mâœ”&amp#27;[39m &amp#27;[32m&amp#27;[1mGiven &amp#27;[22mthe user is on the notebooks category page&amp#27;[39m                     &amp#27;[90m# nop4.Ascending4.the_user_is_on_the_notebooks_category_page()&amp#27;[39m
  &amp#27;[32mâœ”&amp#27;[39m &amp#27;[32m&amp#27;[1mWhen &amp#27;[22mthe user selects &amp#27;[1m"Price: Low to High"&amp#27;[22m from the sort by dropdown&amp#27;[39m &amp#27;[90m# nop4.Ascending4.the_user_selects_from_the_sort_by_dropdown(java.lang.String)&amp#27;[39m
  &amp#27;[32mâœ”&amp#27;[39m &amp#27;[32m&amp#27;[1mThen &amp#27;[22mthe products should be sorted by price in ascending order&amp#27;[39m       &amp#27;[90m# nop4.Ascending4.the_products_should_be_sorted_by_price_in_ascending_order()&amp#27;[39m
]]></system-out>
    <system-err><![CDATA[Sep 07, 2025 6:30:57 PM org.openqa.selenium.devtools.CdpVersionFinder findNearestMatch
WARNING: Unable to find CDP implementation matching 139
Sep 07, 2025 6:30:57 PM org.openqa.selenium.chromium.ChromiumDriver lambda$new$5
WARNING: Unable to find version of CDP to use for 139.0.7258.155. You may need to include a dependency on a specific version of the CDP using something similar to `org.seleniumhq.selenium:selenium-devtools-v86:4.23.0` where the version ("v86") matches the version of the chromium-based browser you're using and the version number of the artifact is the same as Selenium's.
]]></system-err>
  </testcase>
  <testcase name="Verify Blog Posts are Displayed" classname="NopCommerce Website Check Blog Pos" time="4.504">
    <system-out><![CDATA[
&amp#27;[1mScenario:&amp#27;[22m Verify Blog Posts are Displayed       &amp#27;[90m# file:///C:/Users/User/git/Wipro_Capstone1_Project/Nop2/src/test/resources/website/BlogPosts5.feature:2&amp#27;[39m
  &amp#27;[32mâœ”&amp#27;[39m &amp#27;[32m&amp#27;[1mGiven &amp#27;[22mShould be in the nopCommerce homepage&amp#27;[39m &amp#27;[90m# nop4.BlogPosts5.should_be_in_the_nop_commerce_homepage()&amp#27;[39m
  &amp#27;[32mâœ”&amp#27;[39m &amp#27;[32m&amp#27;[1mWhen &amp#27;[22mclick on the &amp#27;[1m"Blog"&amp#27;[22m link&amp#27;[39m               &amp#27;[90m# nop4.BlogPosts5.click_on_the_link(java.lang.String)&amp#27;[39m
  &amp#27;[32mâœ”&amp#27;[39m &amp#27;[32m&amp#27;[1mThen &amp#27;[22mshould see a list of blog posts&amp#27;[39m        &amp#27;[90m# nop4.BlogPosts5.should_see_a_list_of_blog_posts()&amp#27;[39m
]]></system-out>
    <system-err><![CDATA[Sep 07, 2025 6:31:01 PM org.openqa.selenium.devtools.CdpVersionFinder findNearestMatch
WARNING: Unable to find CDP implementation matching 139
Sep 07, 2025 6:31:01 PM org.openqa.selenium.chromium.ChromiumDriver lambda$new$5
WARNING: Unable to find version of CDP to use for 139.0.7258.155. You may need to include a dependency on a specific version of the CDP using something similar to `org.seleniumhq.selenium:selenium-devtools-v86:4.23.0` where the version ("v86") matches the version of the chromium-based browser you're using and the version number of the artifact is the same as Selenium's.
]]></system-err>
  </testcase>
  <testcase name="Change currency to Euro" classname="Change Currency Functionality" time="3.895">
    <system-out><![CDATA[
&amp#27;[1mScenario:&amp#27;[22m Change currency to Euro                                &amp#27;[90m# file:///C:/Users/User/git/Wipro_Capstone1_Project/Nop2/src/test/resources/website/CurrencyToEuro6.feature:2&amp#27;[39m
  &amp#27;[32mâœ”&amp#27;[39m &amp#27;[32m&amp#27;[1mGiven &amp#27;[22mthe user1 is on the home page&amp#27;[39m                          &amp#27;[90m# nop4.CurrencyToEuro6.the_user1_is_on_the_home_page()&amp#27;[39m
  &amp#27;[32mâœ”&amp#27;[39m &amp#27;[32m&amp#27;[1mWhen &amp#27;[22mthe user selects &amp#27;[1m"Euro"&amp#27;[22m from the currency dropdown&amp#27;[39m      &amp#27;[90m# nop4.CurrencyToEuro6.the_user_selects_from_the_currency_dropdown(java.lang.String)&amp#27;[39m
  &amp#27;[32mâœ”&amp#27;[39m &amp#27;[32m&amp#27;[1mThen &amp#27;[22mthe prices of all products should be displayed in Euros&amp#27;[39m &amp#27;[90m# nop4.CurrencyToEuro6.the_prices_of_all_products_should_be_displayed_in_euros()&amp#27;[39m
]]></system-out>
    <system-err><![CDATA[Sep 07, 2025 6:31:05 PM org.openqa.selenium.devtools.CdpVersionFinder findNearestMatch
WARNING: Unable to find CDP implementation matching 139
Sep 07, 2025 6:31:05 PM org.openqa.selenium.chromium.ChromiumDriver lambda$new$5
WARNING: Unable to find version of CDP to use for 139.0.7258.155. You may need to include a dependency on a specific version of the CDP using something similar to `org.seleniumhq.selenium:selenium-devtools-v86:4.23.0` where the version ("v86") matches the version of the chromium-based browser you're using and the version number of the artifact is the same as Selenium's.
]]></system-err>
  </testcase>
  <testcase name="Successful login with valid credentials" classname="User Login" time="4.601">
    <system-out><![CDATA[
&amp#27;[1mScenario:&amp#27;[22m Successful login with valid credentials       &amp#27;[90m# file:///C:/Users/User/git/Wipro_Capstone1_Project/Nop2/src/test/resources/website/Login2.feature:3&amp#27;[39m
  &amp#27;[32mâœ”&amp#27;[39m &amp#27;[32m&amp#27;[1mGiven &amp#27;[22mthe user is on the login page&amp#27;[39m                 &amp#27;[90m# nop4.Login2.the_user_is_on_the_login_page()&amp#27;[39m
  &amp#27;[32mâœ”&amp#27;[39m &amp#27;[32m&amp#27;[1mWhen &amp#27;[22mthe user enters a valid email and password&amp#27;[39m     &amp#27;[90m# nop4.Login2.the_user_enters_a_valid_email_and_password()&amp#27;[39m
  &amp#27;[32mâœ”&amp#27;[39m &amp#27;[32m&amp#27;[1mAnd &amp#27;[22mclicks the login button&amp#27;[39m                         &amp#27;[90m# nop4.Login2.clicks_the_login_button()&amp#27;[39m
  &amp#27;[32mâœ”&amp#27;[39m &amp#27;[32m&amp#27;[1mThen &amp#27;[22mthe user should be redirected to the home page&amp#27;[39m &amp#27;[90m# nop4.Login2.the_user_should_be_redirected_to_the_home_page()&amp#27;[39m
]]></system-out>
    <system-err><![CDATA[Sep 07, 2025 6:31:09 PM org.openqa.selenium.devtools.CdpVersionFinder findNearestMatch
WARNING: Unable to find CDP implementation matching 139
Sep 07, 2025 6:31:09 PM org.openqa.selenium.chromium.ChromiumDriver lambda$new$5
WARNING: Unable to find version of CDP to use for 139.0.7258.155. You may need to include a dependency on a specific version of the CDP using something similar to `org.seleniumhq.selenium:selenium-devtools-v86:4.23.0` where the version ("v86") matches the version of the chromium-based browser you're using and the version number of the artifact is the same as Selenium's.
]]></system-err>
  </testcase>
  <testcase name="Verify New Products are Displayed" classname="Verify New Products1 Are Showing" time="4.311">
    <system-out><![CDATA[
&amp#27;[1mScenario:&amp#27;[22m Verify New Products are Displayed   &amp#27;[90m# file:///C:/Users/User/git/Wipro_Capstone1_Project/Nop2/src/test/resources/website/NewProduct8.feature:2&amp#27;[39m
  &amp#27;[32mâœ”&amp#27;[39m &amp#27;[32m&amp#27;[1mGiven &amp#27;[22mPresent on the nopCommerce homepage&amp#27;[39m &amp#27;[90m# nop4.NewProduct8.present_on_the_nop_commerce_homepage()&amp#27;[39m
  &amp#27;[32mâœ”&amp#27;[39m &amp#27;[32m&amp#27;[1mWhen &amp#27;[22mclick on the new products&amp#27;[39m            &amp#27;[90m# nop4.NewProduct8.click_on_the_new_products()&amp#27;[39m
  &amp#27;[32mâœ”&amp#27;[39m &amp#27;[32m&amp#27;[1mThen &amp#27;[22mshould see a list of new products&amp#27;[39m    &amp#27;[90m# nop4.NewProduct8.should_see_a_list_of_new_products()&amp#27;[39m
]]></system-out>
    <system-err><![CDATA[Sep 07, 2025 6:31:14 PM org.openqa.selenium.devtools.CdpVersionFinder findNearestMatch
WARNING: Unable to find CDP implementation matching 139
Sep 07, 2025 6:31:14 PM org.openqa.selenium.chromium.ChromiumDriver lambda$new$5
WARNING: Unable to find version of CDP to use for 139.0.7258.155. You may need to include a dependency on a specific version of the CDP using something similar to `org.seleniumhq.selenium:selenium-devtools-v86:4.23.0` where the version ("v86") matches the version of the chromium-based browser you're using and the version number of the artifact is the same as Selenium's.
]]></system-err>
  </testcase>
  <testcase name="Search for a product that does not exist" classname="Search Functionality #1" time="4.158">
    <system-out><![CDATA[
&amp#27;[1mScenario:&amp#27;[22m Search for a product that does not exist                   &amp#27;[90m# file:///C:/Users/User/git/Wipro_Capstone1_Project/Nop2/src/test/resources/website/NonExistent9.feature:3&amp#27;[39m
  &amp#27;[32mâœ”&amp#27;[39m &amp#27;[32m&amp#27;[1mGiven &amp#27;[22mthe user3 is on the home page&amp#27;[39m                              &amp#27;[90m# nop4.NonExistent9.the_user3_is_on_the_home_page()&amp#27;[39m
  &amp#27;[32mâœ”&amp#27;[39m &amp#27;[32m&amp#27;[1mWhen &amp#27;[22mthe user searches for a product with a non-existent keyword&amp#27;[39m &amp#27;[90m# nop4.NonExistent9.the_user_searches_for_a_product_with_a_non_existent_keyword()&amp#27;[39m
  &amp#27;[32mâœ”&amp#27;[39m &amp#27;[32m&amp#27;[1mThen &amp#27;[22ma &amp#27;[1m"No products were found"&amp#27;[22m message should be displayed&amp#27;[39m      &amp#27;[90m# nop4.NonExistent9.a_message_should_be_displayed(java.lang.String)&amp#27;[39m
]]></system-out>
    <system-err><![CDATA[Sep 07, 2025 6:31:18 PM org.openqa.selenium.devtools.CdpVersionFinder findNearestMatch
WARNING: Unable to find CDP implementation matching 139
Sep 07, 2025 6:31:18 PM org.openqa.selenium.chromium.ChromiumDriver lambda$new$5
WARNING: Unable to find version of CDP to use for 139.0.7258.155. You may need to include a dependency on a specific version of the CDP using something similar to `org.seleniumhq.selenium:selenium-devtools-v86:4.23.0` where the version ("v86") matches the version of the chromium-based browser you're using and the version number of the artifact is the same as Selenium's.
]]></system-err>
  </testcase>
  <testcase name="Searching for a product with a partial keyword" classname="Search Functionality #2" time="6.326">
    <system-out><![CDATA[
&amp#27;[1mScenario:&amp#27;[22m Searching for a product with a partial keyword                             &amp#27;[90m# file:///C:/Users/User/git/Wipro_Capstone1_Project/Nop2/src/test/resources/website/Partial10.feature:3&amp#27;[39m
  &amp#27;[32mâœ”&amp#27;[39m &amp#27;[32m&amp#27;[1mGiven &amp#27;[22mthe user is on the home page&amp#27;[39m                                               &amp#27;[90m# nop4.SearchFullKeyword11.the_user_is_on_the_home_page()&amp#27;[39m
  &amp#27;[32mâœ”&amp#27;[39m &amp#27;[32m&amp#27;[1mWhen &amp#27;[22mthe user enters the partial keyword &amp#27;[1m"cam"&amp#27;[22m into the search bar&amp#27;[39m               &amp#27;[90m# nop4.Partial10.the_user_enters_the_partial_keyword_into_the_search_bar(java.lang.String)&amp#27;[39m
  &amp#27;[32mâœ”&amp#27;[39m &amp#27;[32m&amp#27;[1mAnd &amp#27;[22mclicks the search button&amp#27;[39m                                                     &amp#27;[90m# nop4.SearchFullKeyword11.clicks_the_search_button()&amp#27;[39m
  &amp#27;[32mâœ”&amp#27;[39m &amp#27;[32m&amp#27;[1mThen &amp#27;[22ma product with the title &amp#27;[1m"Camera"&amp#27;[22m should be displayed in the search results&amp#27;[39m &amp#27;[90m# nop4.Partial10.a_product_with_the_title_should_be_displayed_in_the_search_results(java.lang.String)&amp#27;[39m
]]></system-out>
    <system-err><![CDATA[Sep 07, 2025 6:31:22 PM org.openqa.selenium.devtools.CdpVersionFinder findNearestMatch
WARNING: Unable to find CDP implementation matching 139
Sep 07, 2025 6:31:22 PM org.openqa.selenium.chromium.ChromiumDriver lambda$new$5
WARNING: Unable to find version of CDP to use for 139.0.7258.155. You may need to include a dependency on a specific version of the CDP using something similar to `org.seleniumhq.selenium:selenium-devtools-v86:4.23.0` where the version ("v86") matches the version of the chromium-based browser you're using and the version number of the artifact is the same as Selenium's.
Sep 07, 2025 6:31:24 PM org.openqa.selenium.devtools.CdpVersionFinder findNearestMatch
WARNING: Unable to find CDP implementation matching 139
Sep 07, 2025 6:31:24 PM org.openqa.selenium.chromium.ChromiumDriver lambda$new$5
WARNING: Unable to find version of CDP to use for 139.0.7258.155. You may need to include a dependency on a specific version of the CDP using something similar to `org.seleniumhq.selenium:selenium-devtools-v86:4.23.0` where the version ("v86") matches the version of the chromium-based browser you're using and the version number of the artifact is the same as Selenium's.
]]></system-err>
  </testcase>
  <testcase name="Successful user registration" classname="User Registration" time="4.452">
    <system-out><![CDATA[
&amp#27;[1mScenario:&amp#27;[22m Successful user registration                      &amp#27;[90m# file:///C:/Users/User/git/Wipro_Capstone1_Project/Nop2/src/test/resources/website/Register1.feature:2&amp#27;[39m
  &amp#27;[32mâœ”&amp#27;[39m &amp#27;[32m&amp#27;[1mGiven &amp#27;[22mthe user is on the registration page&amp#27;[39m              &amp#27;[90m# nop4.Register1.the_user_is_on_the_registration_page()&amp#27;[39m
  &amp#27;[32mâœ”&amp#27;[39m &amp#27;[32m&amp#27;[1mWhen &amp#27;[22mthe user fills in all required registration fields&amp#27;[39m &amp#27;[90m# nop4.Register1.the_user_fills_in_all_required_registration_fields()&amp#27;[39m
  &amp#27;[32mâœ”&amp#27;[39m &amp#27;[32m&amp#27;[1mAnd &amp#27;[22mclicks the register button&amp#27;[39m                          &amp#27;[90m# nop4.Register1.clicks_the_register_button()&amp#27;[39m
]]></system-out>
    <system-err><![CDATA[Sep 07, 2025 6:31:29 PM org.openqa.selenium.devtools.CdpVersionFinder findNearestMatch
WARNING: Unable to find CDP implementation matching 139
Sep 07, 2025 6:31:29 PM org.openqa.selenium.chromium.ChromiumDriver lambda$new$5
WARNING: Unable to find version of CDP to use for 139.0.7258.155. You may need to include a dependency on a specific version of the CDP using something similar to `org.seleniumhq.selenium:selenium-devtools-v86:4.23.0` where the version ("v86") matches the version of the chromium-based browser you're using and the version number of the artifact is the same as Selenium's.
]]></system-err>
  </testcase>
  <testcase name="Searching for a product with a full keyword" classname="Search Functionality #3" time="4.416">
    <system-out><![CDATA[
&amp#27;[1mScenario:&amp#27;[22m Searching for a product with a full keyword                  &amp#27;[90m# file:///C:/Users/User/git/Wipro_Capstone1_Project/Nop2/src/test/resources/website/SearchFullKeyword11.feature:3&amp#27;[39m
  &amp#27;[32mâœ”&amp#27;[39m &amp#27;[32m&amp#27;[1mGiven &amp#27;[22mthe user is on the home page&amp#27;[39m                                 &amp#27;[90m# nop4.SearchFullKeyword11.the_user_is_on_the_home_page()&amp#27;[39m
  &amp#27;[32mâœ”&amp#27;[39m &amp#27;[32m&amp#27;[1mWhen &amp#27;[22mthe user enters the full keyword &amp#27;[1m"camera"&amp#27;[22m into the search bar&amp#27;[39m &amp#27;[90m# nop4.SearchFullKeyword11.the_user_enters_the_full_keyword_into_the_search_bar(java.lang.String)&amp#27;[39m
  &amp#27;[32mâœ”&amp#27;[39m &amp#27;[32m&amp#27;[1mAnd &amp#27;[22mclicks the search button&amp#27;[39m                                       &amp#27;[90m# nop4.SearchFullKeyword11.clicks_the_search_button()&amp#27;[39m
]]></system-out>
    <system-err><![CDATA[Sep 07, 2025 6:31:33 PM org.openqa.selenium.devtools.CdpVersionFinder findNearestMatch
WARNING: Unable to find CDP implementation matching 139
Sep 07, 2025 6:31:33 PM org.openqa.selenium.chromium.ChromiumDriver lambda$new$5
WARNING: Unable to find version of CDP to use for 139.0.7258.155. You may need to include a dependency on a specific version of the CDP using something similar to `org.seleniumhq.selenium:selenium-devtools-v86:4.23.0` where the version ("v86") matches the version of the chromium-based browser you're using and the version number of the artifact is the same as Selenium's.
]]></system-err>
  </testcase>
  <testcase name="Put the Product into the Wishlist" classname="Add the the Product to the wishlist" time="3.186">
    <system-out><![CDATA[
&amp#27;[1mScenario:&amp#27;[22m Put the Product into the Wishlist                  &amp#27;[90m# file:///C:/Users/User/git/Wipro_Capstone1_Project/Nop2/src/test/resources/website/Wishlist12.feature:2&amp#27;[39m
  &amp#27;[32mâœ”&amp#27;[39m &amp#27;[32m&amp#27;[1mWhen &amp#27;[22mCheck the website is in the home page&amp#27;[39m               &amp#27;[90m# nop4.Wishlist12.check_the_website_is_in_the_home_page()&amp#27;[39m
  &amp#27;[32mâœ”&amp#27;[39m &amp#27;[32m&amp#27;[1mGiven &amp#27;[22mFind the product in Order to add into the wishlist&amp#27;[39m &amp#27;[90m# nop4.Wishlist12.find_the_product_in_order_to_add_into_the_wishlist()&amp#27;[39m
  &amp#27;[32mâœ”&amp#27;[39m &amp#27;[32m&amp#27;[1mThen &amp#27;[22mAdd the product to the wishlist&amp#27;[39m                     &amp#27;[90m# nop4.Wishlist12.add_the_product_to_the_wishlist()&amp#27;[39m
]]></system-out>
    <system-err><![CDATA[Sep 07, 2025 6:31:37 PM org.openqa.selenium.devtools.CdpVersionFinder findNearestMatch
WARNING: Unable to find CDP implementation matching 139
Sep 07, 2025 6:31:37 PM org.openqa.selenium.chromium.ChromiumDriver lambda$new$5
WARNING: Unable to find version of CDP to use for 139.0.7258.155. You may need to include a dependency on a specific version of the CDP using something similar to `org.seleniumhq.selenium:selenium-devtools-v86:4.23.0` where the version ("v86") matches the version of the chromium-based browser you're using and the version number of the artifact is the same as Selenium's.
]]></system-err>
  </testcase>
</testsuite>