<?xml version="1.0" encoding="UTF-8"?>
<testng-results ignored="0" total="0" passed="0" failed="0" skipped="0">
  <reporter-output>
  </reporter-output>
  <suite started-at="2025-09-05T18:12:42 IST" name="LoginSuiteWithParameters" finished-at="2025-09-05T18:12:42 IST" duration-ms="13">
    <groups>
    </groups>
    <test started-at="2025-09-05T18:12:42 IST" name="LoginPageTest_with_XML_Parameters" finished-at="2025-09-05T18:12:42 IST" duration-ms="13">
    </test> <!-- LoginPageTest_with_XML_Parameters -->
  </suite> <!-- LoginSuiteWithParameters -->
</testng-results>
